<?xml version="1.0" encoding="UTF-8"?>
<testng-results ignored="0" total="1" passed="1" failed="0" skipped="0">
  <reporter-output>
  </reporter-output>
  <suite started-at="2023-08-28T16:23:47Z" name="Default suite" finished-at="2023-08-28T16:23:57Z" duration-ms="9899">
    <groups>
    </groups>
    <test started-at="2023-08-28T16:23:47Z" name="Default test" finished-at="2023-08-28T16:23:57Z" duration-ms="9899">
      <class name="com.api.automation_scripts.GoogleAPITestScrpts">
        <test-method signature="validateAddPlaceAPI()[pri:0, instance:com.api.automation_scripts.GoogleAPITestScrpts@3697186]" started-at="2023-08-28T16:23:47Z" name="validateAddPlaceAPI" finished-at="2023-08-28T16:23:57Z" duration-ms="9764" status="PASS">
          <reporter-output>
          </reporter-output>
        </test-method> <!-- validateAddPlaceAPI -->
      </class> <!-- com.api.automation_scripts.GoogleAPITestScrpts -->
    </test> <!-- Default test -->
  </suite> <!-- Default suite -->
</testng-results>
